[debug] [2018-08-24T16:20:13.866Z] ----------------------------------------------------------------------
[debug] [2018-08-24T16:20:13.882Z] Command:       C:\Program Files\nodejs\node.exe C:\Users\lovely love\AppData\Roaming\npm\node_modules\firebase-tools\bin\firebase serve
[debug] [2018-08-24T16:20:13.882Z] CLI Version:   4.2.0
[debug] [2018-08-24T16:20:13.882Z] Platform:      win32
[debug] [2018-08-24T16:20:13.882Z] Node Version:  v8.11.3
[debug] [2018-08-24T16:20:13.882Z] Time:          Fri Aug 24 2018 09:20:13 GMT-0700 (Pacific Daylight Time)
[debug] [2018-08-24T16:20:13.882Z] ----------------------------------------------------------------------
[debug] 
[debug] [2018-08-24T16:20:13.897Z] > command requires scopes: ["email","openid","https://www.googleapis.com/auth/cloudplatformprojects.readonly","https://www.googleapis.com/auth/firebase","https://www.googleapis.com/auth/cloud-platform"]
[debug] [2018-08-24T16:20:13.897Z] > authorizing via signed-in user
[debug] [2018-08-24T16:20:13.913Z] > refreshing access token with scopes: ["email","https://www.googleapis.com/auth/cloud-platform","https://www.googleapis.com/auth/cloudplatformprojects.readonly","https://www.googleapis.com/auth/firebase","openid"]
[debug] [2018-08-24T16:20:13.913Z] >>> HTTP REQUEST POST https://www.googleapis.com/oauth2/v3/token  

[debug] [2018-08-24T16:20:21.494Z] <<< HTTP RESPONSE 200
[debug] [2018-08-24T16:20:21.572Z] >>> HTTP REQUEST GET https://admin.firebase.com/v1/projects/electronic-thesis-doc  
 
[debug] [2018-08-24T16:20:24.334Z] <<< HTTP RESPONSE 200
[debug] [2018-08-24T16:20:24.334Z] >>> HTTP REQUEST GET https://cloudresourcemanager.googleapis.com/v1/projects/electronic-thesis-doc  
 
[debug] [2018-08-24T16:20:26.377Z] <<< HTTP RESPONSE 200
[info] 
[info] === Serving from 'C:\Users\realetd'...
[info] 
[debug] [2018-08-24T16:20:26.377Z] >>> HTTP REQUEST GET https://mobilesdk-pa.googleapis.com/v1/projects/727397850500/clients/_:getWebAppConfig  
 
[debug] [2018-08-24T16:20:30.277Z] <<< HTTP RESPONSE 200
[info] i  hosting[electronic-thesis-doc]: Serving hosting files from: public
[info] +  hosting[electronic-thesis-doc]: Local server: http://localhost:5000
