[debug] [2018-08-25T15:33:18.796Z] ----------------------------------------------------------------------
[debug] [2018-08-25T15:33:18.796Z] Command:       C:\Program Files\nodejs\node.exe C:\Users\lovely love\AppData\Roaming\npm\node_modules\firebase-tools\bin\firebase serve
[debug] [2018-08-25T15:33:18.796Z] CLI Version:   4.2.0
[debug] [2018-08-25T15:33:18.796Z] Platform:      win32
[debug] [2018-08-25T15:33:18.796Z] Node Version:  v8.11.3
[debug] [2018-08-25T15:33:18.796Z] Time:          Sat Aug 25 2018 08:33:18 GMT-0700 (Pacific Daylight Time)
[debug] [2018-08-25T15:33:18.796Z] ----------------------------------------------------------------------
[debug] 
[debug] [2018-08-25T15:33:18.827Z] > command requires scopes: ["email","openid","https://www.googleapis.com/auth/cloudplatformprojects.readonly","https://www.googleapis.com/auth/firebase","https://www.googleapis.com/auth/cloud-platform"]
[debug] [2018-08-25T15:33:18.827Z] > authorizing via signed-in user
[debug] [2018-08-25T15:33:18.827Z] > refreshing access token with scopes: ["email","https://www.googleapis.com/auth/cloud-platform","https://www.googleapis.com/auth/cloudplatformprojects.readonly","https://www.googleapis.com/auth/firebase","openid"]
[debug] [2018-08-25T15:33:18.827Z] >>> HTTP REQUEST POST https://www.googleapis.com/oauth2/v3/token  

[debug] [2018-08-25T15:33:19.560Z] <<< HTTP RESPONSE 200
[debug] [2018-08-25T15:33:19.638Z] >>> HTTP REQUEST GET https://admin.firebase.com/v1/projects/electronic-thesis-doc  
 
[debug] [2018-08-25T15:33:21.386Z] <<< HTTP RESPONSE 200
[debug] [2018-08-25T15:33:21.386Z] >>> HTTP REQUEST GET https://cloudresourcemanager.googleapis.com/v1/projects/electronic-thesis-doc  
 
[debug] [2018-08-25T15:33:23.304Z] <<< HTTP RESPONSE 200
[info] 
[info] === Serving from 'C:\Users\realetd'...
[info] 
[debug] [2018-08-25T15:33:23.304Z] >>> HTTP REQUEST GET https://mobilesdk-pa.googleapis.com/v1/projects/727397850500/clients/_:getWebAppConfig  
 
[debug] [2018-08-25T15:33:24.428Z] <<< HTTP RESPONSE 200
[info] i  hosting[electronic-thesis-doc]: Serving hosting files from: public
[info] +  hosting[electronic-thesis-doc]: Local server: http://localhost:5000
[debug] [2018-08-25T16:15:48.068Z] Error: connect ETIMEDOUT 74.125.200.94:443
    at Object._errnoException (util.js:992:11)
    at _exceptionWithHostPort (util.js:1014:20)
    at TCPConnectWrap.afterConnect [as oncomplete] (net.js:1186:14)
[error] 
[error] Error: An unexpected error has occurred.
[debug] [2018-08-25T16:15:48.068Z] Error: socket hang up
    at createHangUpError (_http_client.js:331:15)
    at TLSSocket.socketCloseListener (_http_client.js:363:23)
    at emitOne (events.js:121:20)
    at TLSSocket.emit (events.js:211:7)
    at _handle.close (net.js:557:12)
    at TCP.done [as _onclose] (_tls_wrap.js:356:7)
[error] 
[error] Error: An unexpected error has occurred.
[debug] [2018-08-25T16:16:44.641Z] ----------------------------------------------------------------------
[debug] [2018-08-25T16:16:44.641Z] Command:       C:\Program Files\nodejs\node.exe C:\Users\lovely love\AppData\Roaming\npm\node_modules\firebase-tools\bin\firebase serve
[debug] [2018-08-25T16:16:44.641Z] CLI Version:   4.2.0
[debug] [2018-08-25T16:16:44.641Z] Platform:      win32
[debug] [2018-08-25T16:16:44.641Z] Node Version:  v8.11.3
[debug] [2018-08-25T16:16:44.641Z] Time:          Sat Aug 25 2018 09:16:44 GMT-0700 (Pacific Daylight Time)
[debug] [2018-08-25T16:16:44.641Z] ----------------------------------------------------------------------
[debug] 
[debug] [2018-08-25T16:16:44.661Z] > command requires scopes: ["email","openid","https://www.googleapis.com/auth/cloudplatformprojects.readonly","https://www.googleapis.com/auth/firebase","https://www.googleapis.com/auth/cloud-platform"]
[debug] [2018-08-25T16:16:44.661Z] > authorizing via signed-in user
[debug] [2018-08-25T16:16:44.671Z] >>> HTTP REQUEST GET https://admin.firebase.com/v1/projects/electronic-thesis-doc  
 
[debug] [2018-08-25T16:16:50.805Z] <<< HTTP RESPONSE 200
[debug] [2018-08-25T16:16:50.805Z] >>> HTTP REQUEST GET https://cloudresourcemanager.googleapis.com/v1/projects/electronic-thesis-doc  
 
[debug] [2018-08-25T16:16:53.910Z] <<< HTTP RESPONSE 200
[info] 
[info] === Serving from 'C:\Users\realetd'...
[info] 
[debug] [2018-08-25T16:16:53.910Z] >>> HTTP REQUEST GET https://mobilesdk-pa.googleapis.com/v1/projects/727397850500/clients/_:getWebAppConfig  
 
[debug] [2018-08-25T16:16:54.955Z] <<< HTTP RESPONSE 200
[info] i  hosting[electronic-thesis-doc]: Serving hosting files from: public
[info] +  hosting[electronic-thesis-doc]: Local server: http://localhost:5000
[debug] [2018-08-25T18:38:29.830Z] Error: connect ETIMEDOUT 74.125.200.94:443
    at Object._errnoException (util.js:992:11)
    at _exceptionWithHostPort (util.js:1014:20)
    at TCPConnectWrap.afterConnect [as oncomplete] (net.js:1186:14)
[error] 
[error] Error: An unexpected error has occurred.
[debug] [2018-08-25T18:38:29.830Z] Error: socket hang up
    at createHangUpError (_http_client.js:331:15)
    at TLSSocket.socketCloseListener (_http_client.js:363:23)
    at emitOne (events.js:121:20)
    at TLSSocket.emit (events.js:211:7)
    at _handle.close (net.js:557:12)
    at TCP.done [as _onclose] (_tls_wrap.js:356:7)
[error] 
[error] Error: An unexpected error has occurred.
[debug] [2018-08-25T18:39:40.462Z] ----------------------------------------------------------------------
[debug] [2018-08-25T18:39:40.478Z] Command:       C:\Program Files\nodejs\node.exe C:\Users\lovely love\AppData\Roaming\npm\node_modules\firebase-tools\bin\firebase serve
[debug] [2018-08-25T18:39:40.478Z] CLI Version:   4.2.0
[debug] [2018-08-25T18:39:40.478Z] Platform:      win32
[debug] [2018-08-25T18:39:40.478Z] Node Version:  v8.11.3
[debug] [2018-08-25T18:39:40.478Z] Time:          Sat Aug 25 2018 11:39:40 GMT-0700 (Pacific Daylight Time)
[debug] [2018-08-25T18:39:40.478Z] ----------------------------------------------------------------------
[debug] 
[debug] [2018-08-25T18:39:40.493Z] > command requires scopes: ["email","openid","https://www.googleapis.com/auth/cloudplatformprojects.readonly","https://www.googleapis.com/auth/firebase","https://www.googleapis.com/auth/cloud-platform"]
[debug] [2018-08-25T18:39:40.493Z] > authorizing via signed-in user
[debug] [2018-08-25T18:39:40.493Z] > refreshing access token with scopes: ["email","https://www.googleapis.com/auth/cloud-platform","https://www.googleapis.com/auth/cloudplatformprojects.readonly","https://www.googleapis.com/auth/firebase","openid"]
[debug] [2018-08-25T18:39:40.493Z] >>> HTTP REQUEST POST https://www.googleapis.com/oauth2/v3/token  

[debug] [2018-08-25T18:39:42.443Z] <<< HTTP RESPONSE 200
[debug] [2018-08-25T18:39:42.506Z] >>> HTTP REQUEST GET https://admin.firebase.com/v1/projects/electronic-thesis-doc  
 
[debug] [2018-08-25T18:39:45.033Z] <<< HTTP RESPONSE 200
[debug] [2018-08-25T18:39:45.033Z] >>> HTTP REQUEST GET https://cloudresourcemanager.googleapis.com/v1/projects/electronic-thesis-doc  
 
[debug] [2018-08-25T18:39:50.154Z] <<< HTTP RESPONSE 200
[info] 
[info] === Serving from 'C:\Users\realetd'...
[info] 
[debug] [2018-08-25T18:39:50.154Z] >>> HTTP REQUEST GET https://mobilesdk-pa.googleapis.com/v1/projects/727397850500/clients/_:getWebAppConfig  
 
[debug] [2018-08-25T18:39:51.792Z] <<< HTTP RESPONSE 200
[info] i  hosting[electronic-thesis-doc]: Serving hosting files from: public
[info] +  hosting[electronic-thesis-doc]: Local server: http://localhost:5000
